<?xml version="1.0" encoding="UTF-8"?>
<!-- Generated by org.testng.reporters.JUnitReportReporter -->
<testsuite hostname="Suresh" failures="0" tests="14" name="com.qa.opencart.tests.HomePageTest" time="24.633" errors="0" timestamp="2025-04-10T19:59:41 EDT" skipped="1">
  <testcase classname="com.qa.opencart.tests.HomePageTest" name="searchTest" time="1.543"/>
  <testcase classname="com.qa.opencart.tests.HomePageTest" name="searchTest" time="1.078"/>
  <testcase classname="com.qa.opencart.tests.HomePageTest" name="homePageURLTest" time="0.035"/>
  <testcase classname="com.qa.opencart.tests.HomePageTest" name="headersTest" time="0.254"/>
  <testcase classname="com.qa.opencart.tests.HomePageTest" name="footerTest" time="2.013"/>
  <testcase classname="com.qa.opencart.tests.HomePageTest" name="footerTest" time="5.038"/>
  <testcase classname="com.qa.opencart.tests.HomePageTest" name="searchTest" time="1.223"/>
  <testcase classname="com.qa.opencart.tests.HomePageTest" name="footerTest" time="0.613"/>
  <testcase classname="com.qa.opencart.tests.HomePageTest" name="logoutLinkExistTest" time="0.069"/>
  <testcase classname="com.qa.opencart.tests.HomePageTest" name="searchTest" time="11.313"/>
  <testcase classname="com.qa.opencart.tests.HomePageTest" name="footerTest" time="0.527"/>
  <testcase classname="com.qa.opencart.tests.HomePageTest" name="searchTest" time="0.884"/>
  <testcase classname="com.qa.opencart.tests.HomePageTest" name="homePageTitleTest" time="0.043"/>
  <testcase classname="com.qa.opencart.tests.HomePageTest" name="logoTest">
    <skipped/>
  </testcase> <!-- logoTest -->
</testsuite> <!-- com.qa.opencart.tests.HomePageTest -->
