<?xml version="1.0" encoding="UTF-8"?>
<!-- Generated by org.testng.reporters.JUnitReportReporter -->
<testsuite hostname="Suresh" failures="0" tests="14" name="com.qa.opencart.tests.HomePageTest" time="21.301" errors="0" timestamp="2025-04-15T16:17:14 EDT" skipped="1">
  <testcase classname="com.qa.opencart.tests.HomePageTest" name="footerTest" time="0.545"/>
  <testcase classname="com.qa.opencart.tests.HomePageTest" name="searchTest" time="0.932"/>
  <testcase classname="com.qa.opencart.tests.HomePageTest" name="searchTest" time="0.926"/>
  <testcase classname="com.qa.opencart.tests.HomePageTest" name="searchTest" time="11.663"/>
  <testcase classname="com.qa.opencart.tests.HomePageTest" name="logoutLinkExistTest" time="0.270"/>
  <testcase classname="com.qa.opencart.tests.HomePageTest" name="homePageURLTest" time="0.072"/>
  <testcase classname="com.qa.opencart.tests.HomePageTest" name="footerTest" time="0.451"/>
  <testcase classname="com.qa.opencart.tests.HomePageTest" name="footerTest" time="2.580"/>
  <testcase classname="com.qa.opencart.tests.HomePageTest" name="footerTest" time="0.889"/>
  <testcase classname="com.qa.opencart.tests.HomePageTest" name="headersTest" time="0.615"/>
  <testcase classname="com.qa.opencart.tests.HomePageTest" name="searchTest" time="1.335"/>
  <testcase classname="com.qa.opencart.tests.HomePageTest" name="searchTest" time="0.848"/>
  <testcase classname="com.qa.opencart.tests.HomePageTest" name="homePageTitleTest" time="0.175"/>
  <testcase classname="com.qa.opencart.tests.HomePageTest" name="logoTest">
    <skipped/>
  </testcase> <!-- logoTest -->
</testsuite> <!-- com.qa.opencart.tests.HomePageTest -->
