<?xml version="1.0" encoding="UTF-8"?>
<!-- Generated by org.testng.reporters.JUnitReportReporter -->
<testsuite hostname="Suresh" failures="0" tests="1" name="com.qa.opencart.base.HomePageTest" time="0.919" errors="0" timestamp="2025-04-02T11:23:14 EDT" skipped="0">
  <testcase classname="com.qa.opencart.base.HomePageTest" name="searchTest" time="0.919"/>
</testsuite> <!-- com.qa.opencart.base.HomePageTest -->
