<?xml version="1.0" encoding="UTF-8"?>
<!-- Generated by org.testng.reporters.JUnitReportReporter -->
<testsuite hostname="Suresh" failures="0" tests="9" name="com.qa.opencart.tests.ProductinfoPageTest" time="17.629" errors="0" timestamp="2025-04-10T19:59:41 EDT" skipped="0">
  <testcase classname="com.qa.opencart.tests.ProductinfoPageTest" name="productImagesCountTest" time="4.577"/>
  <testcase classname="com.qa.opencart.tests.ProductinfoPageTest" name="productImagesCountTest" time="2.129"/>
  <testcase classname="com.qa.opencart.tests.ProductinfoPageTest" name="productImagesCountTest" time="1.642"/>
  <testcase classname="com.qa.opencart.tests.ProductinfoPageTest" name="productImagesCountTest" time="2.498"/>
  <testcase classname="com.qa.opencart.tests.ProductinfoPageTest" name="productSearchHeaderTest" time="1.136"/>
  <testcase classname="com.qa.opencart.tests.ProductinfoPageTest" name="productImagesCountTest" time="1.898"/>
  <testcase classname="com.qa.opencart.tests.ProductinfoPageTest" name="productInfoTest" time="1.337"/>
  <testcase classname="com.qa.opencart.tests.ProductinfoPageTest" name="productSearchHeaderTest" time="1.260"/>
  <testcase classname="com.qa.opencart.tests.ProductinfoPageTest" name="productSearchHeaderTest" time="1.152"/>
</testsuite> <!-- com.qa.opencart.tests.ProductinfoPageTest -->
