<?xml version="1.0" encoding="UTF-8"?>
<!-- Generated by org.testng.reporters.JUnitReportReporter -->
<testsuite hostname="Suresh" failures="0" tests="14" name="com.qa.opencart.tests.HomePageTest" time="21.853" errors="0" timestamp="2025-04-10T20:20:42 EDT" skipped="1">
  <testcase classname="com.qa.opencart.tests.HomePageTest" name="footerTest" time="1.112"/>
  <testcase classname="com.qa.opencart.tests.HomePageTest" name="logoutLinkExistTest" time="0.073"/>
  <testcase classname="com.qa.opencart.tests.HomePageTest" name="homePageURLTest" time="0.046"/>
  <testcase classname="com.qa.opencart.tests.HomePageTest" name="footerTest" time="1.014"/>
  <testcase classname="com.qa.opencart.tests.HomePageTest" name="footerTest" time="1.865"/>
  <testcase classname="com.qa.opencart.tests.HomePageTest" name="homePageTitleTest" time="0.041"/>
  <testcase classname="com.qa.opencart.tests.HomePageTest" name="headersTest" time="0.307"/>
  <testcase classname="com.qa.opencart.tests.HomePageTest" name="searchTest" time="1.834"/>
  <testcase classname="com.qa.opencart.tests.HomePageTest" name="searchTest" time="0.901"/>
  <testcase classname="com.qa.opencart.tests.HomePageTest" name="searchTest" time="11.143"/>
  <testcase classname="com.qa.opencart.tests.HomePageTest" name="footerTest" time="1.795"/>
  <testcase classname="com.qa.opencart.tests.HomePageTest" name="searchTest" time="0.831"/>
  <testcase classname="com.qa.opencart.tests.HomePageTest" name="searchTest" time="0.891"/>
  <testcase classname="com.qa.opencart.tests.HomePageTest" name="logoTest">
    <skipped/>
  </testcase> <!-- logoTest -->
</testsuite> <!-- com.qa.opencart.tests.HomePageTest -->
