<?xml version="1.0" encoding="UTF-8"?>
<!-- Generated by org.testng.reporters.JUnitReportReporter -->
<testsuite hostname="Suresh" failures="0" tests="9" name="com.qa.opencart.tests.ProductinfoPageTest" time="15.726" errors="0" timestamp="2025-04-10T20:20:42 EDT" skipped="0">
  <testcase classname="com.qa.opencart.tests.ProductinfoPageTest" name="productImagesCountTest" time="3.822"/>
  <testcase classname="com.qa.opencart.tests.ProductinfoPageTest" name="productImagesCountTest" time="1.999"/>
  <testcase classname="com.qa.opencart.tests.ProductinfoPageTest" name="productSearchHeaderTest" time="1.094"/>
  <testcase classname="com.qa.opencart.tests.ProductinfoPageTest" name="productImagesCountTest" time="1.740"/>
  <testcase classname="com.qa.opencart.tests.ProductinfoPageTest" name="productImagesCountTest" time="1.573"/>
  <testcase classname="com.qa.opencart.tests.ProductinfoPageTest" name="productSearchHeaderTest" time="1.138"/>
  <testcase classname="com.qa.opencart.tests.ProductinfoPageTest" name="productInfoTest" time="1.596"/>
  <testcase classname="com.qa.opencart.tests.ProductinfoPageTest" name="productImagesCountTest" time="1.619"/>
  <testcase classname="com.qa.opencart.tests.ProductinfoPageTest" name="productSearchHeaderTest" time="1.145"/>
</testsuite> <!-- com.qa.opencart.tests.ProductinfoPageTest -->
